<?xml version="1.0" encoding="UTF-8"?>
<testsuite name="phase-two-rom-validation" tests="10" failures="6">
  <testcase classname="PhaseTwoBatch" name="dol_serial_vs_dolconfig_sim">
  </testcase>
  <testcase classname="PhaseTwoBatch" name="government_work_launch_1_fluctus_vs_subscale_1_sim">
    <failure message="critical-full-score-56.745">dataset=government_work_launch_1_fluctus_vs_subscale_1_sim, airbrakesStatus=SUCCEEDED, airbrakesExitCode=0, airbrakesMessage=Native airbrakes configured in-process using ORK settings with legacy argument overrides (CFD=Subscale_Drag.csv); resolved CFD CSV from dataset folder, fullScore=56.745, fullSeverity=CRITICAL, fullCoverage=0.990, fullMatchedSamples=1058, fullTimelineSamples=1069, referenceApogeeM=498.060, candidateApogeeM=516.540, apogeeErrorM=18.480, apogeeErrorPercent=3.710, datasetClass=ROM_USABLE, romMode=FOUR_D, romSurfaceSource=FOUR_D_ACTIVE, candidateMaxMach=0.321, alignedApogeeTimeDeltaSec=0.578, alignedApogeeTimeErrorSec=0.578, topContributors=accelZ:47.958|velocityZ:64.638|altitude:74.824, romImprovementHints=accelZ-&gt;retune drag-force terms (Cd, reference area, and dynamic-pressure coupling)|velocityZ-&gt;retune drag-force terms (Cd, reference area, and dynamic-pressure coupling)|altitude-&gt;check vertical integrator stability and acceleration-to-altitude propagation, referenceParserDrops=0, candidateParserDrops=0</failure>
  </testcase>
  <testcase classname="PhaseTwoBatch" name="government_work_launch_2_fluctus_vs_subscale_2_sim">
    <failure message="critical-full-score-63.103">dataset=government_work_launch_2_fluctus_vs_subscale_2_sim, airbrakesStatus=SKIPPED, airbrakesExitCode=0, airbrakesMessage=Native airbrakes disabled for dataset, fullScore=63.103, fullSeverity=CRITICAL, fullCoverage=1.000, fullMatchedSamples=1398, fullTimelineSamples=1398, referenceApogeeM=734.030, candidateApogeeM=882.923, apogeeErrorM=148.893, apogeeErrorPercent=20.284, datasetClass=ROM_USABLE, romMode=FOUR_D, romSurfaceSource=FOUR_D_ACTIVE, candidateMaxMach=0.474, alignedApogeeTimeDeltaSec=-0.507, alignedApogeeTimeErrorSec=0.507, topContributors=accelZ:61.467|velocityZ:67.769|altitude:75.244, romImprovementHints=accelZ-&gt;retune drag-force terms (Cd, reference area, and dynamic-pressure coupling)|velocityZ-&gt;retune drag-force terms (Cd, reference area, and dynamic-pressure coupling)|altitude-&gt;check vertical integrator stability and acceleration-to-altitude propagation|apogee-&gt;check vertical integrator stability and acceleration-to-altitude propagation, referenceParserDrops=0, candidateParserDrops=0</failure>
  </testcase>
  <testcase classname="PhaseTwoBatch" name="jackpot_launch_1_easymini_vs_vdf_sim">
  </testcase>
  <testcase classname="PhaseTwoBatch" name="jackpot_launch_1_fluctus_vs_openrocket">
  </testcase>
  <testcase classname="PhaseTwoBatch" name="jackpot_launch_2_easymini_vs_pdf_sim">
    <failure message="critical-full-score-41.576">dataset=jackpot_launch_2_easymini_vs_pdf_sim, airbrakesStatus=SUCCEEDED, airbrakesExitCode=0, airbrakesMessage=Native airbrakes configured in-process using ORK settings with legacy argument overrides (CFD=Drag Curve CDR.csv), fullScore=41.576, fullSeverity=CRITICAL, fullCoverage=0.968, fullMatchedSamples=1449, fullTimelineSamples=1497, referenceApogeeM=1151.070, candidateApogeeM=1281.129, apogeeErrorM=130.059, apogeeErrorPercent=11.299, datasetClass=ROM_USABLE, romMode=FOUR_D, romSurfaceSource=FOUR_D_ACTIVE, candidateMaxMach=0.552, alignedApogeeTimeDeltaSec=3.391, alignedApogeeTimeErrorSec=3.391, topContributors=velocityZ:3.373|altitude:38.336|accelZ:55.222, romImprovementHints=velocityZ-&gt;retune drag-force terms (Cd, reference area, and dynamic-pressure coupling)|altitude-&gt;check vertical integrator stability and acceleration-to-altitude propagation|accelZ-&gt;retune drag-force terms (Cd, reference area, and dynamic-pressure coupling)|apogee-&gt;check vertical integrator stability and acceleration-to-altitude propagation, referenceParserDrops=0, candidateParserDrops=0</failure>
  </testcase>
  <testcase classname="PhaseTwoBatch" name="jackpot_launch_2_fluctus_vs_openrocket">
    <failure message="critical-full-score-41.576">dataset=jackpot_launch_2_fluctus_vs_openrocket, airbrakesStatus=SUCCEEDED, airbrakesExitCode=0, airbrakesMessage=Native airbrakes configured in-process using ORK settings with legacy argument overrides (CFD=Drag Curve CDR.csv), fullScore=41.576, fullSeverity=CRITICAL, fullCoverage=0.968, fullMatchedSamples=1449, fullTimelineSamples=1497, referenceApogeeM=1151.070, candidateApogeeM=1281.129, apogeeErrorM=130.059, apogeeErrorPercent=11.299, datasetClass=ROM_USABLE, romMode=FOUR_D, romSurfaceSource=FOUR_D_ACTIVE, candidateMaxMach=0.552, alignedApogeeTimeDeltaSec=3.391, alignedApogeeTimeErrorSec=3.391, topContributors=velocityZ:3.373|altitude:38.336|accelZ:55.229, romImprovementHints=velocityZ-&gt;retune drag-force terms (Cd, reference area, and dynamic-pressure coupling)|altitude-&gt;check vertical integrator stability and acceleration-to-altitude propagation|accelZ-&gt;retune drag-force terms (Cd, reference area, and dynamic-pressure coupling)|apogee-&gt;check vertical integrator stability and acceleration-to-altitude propagation, referenceParserDrops=0, candidateParserDrops=0</failure>
  </testcase>
  <testcase classname="PhaseTwoBatch" name="pelencator_launch_1_stratologger_vs_vdf_sim">
  </testcase>
  <testcase classname="PhaseTwoBatch" name="pelencator_launch_2_stratologger_vs_vdf_sim">
    <failure message="INSUFFICIENT_DATA">dataset=pelencator_launch_2_stratologger_vs_vdf_sim, airbrakesStatus=SKIPPED, airbrakesExitCode=0, airbrakesMessage=Native airbrakes disabled for dataset, fullScore=40.551, fullSeverity=CRITICAL, fullCoverage=1.000, fullMatchedSamples=0, fullTimelineSamples=0, referenceApogeeM=1105.814, candidateApogeeM=1329.684, apogeeErrorM=223.870, apogeeErrorPercent=20.245, datasetClass=ROM_USABLE, romMode=THREE_D, romSurfaceSource=NONE, candidateMaxMach=0.513, alignedApogeeTimeDeltaSec=-1.117, alignedApogeeTimeErrorSec=1.117, insufficientDataReason=no-phase-coverage, topContributors=altitude:70.293|temperature:95.325, romImprovementHints=altitude-&gt;check vertical integrator stability and acceleration-to-altitude propagation|temperature-&gt;refine temperature lapse-rate and ground-offset calibration|apogee-&gt;check vertical integrator stability and acceleration-to-altitude propagation, referenceParserDrops=0, candidateParserDrops=0</failure>
  </testcase>
  <testcase classname="PhaseTwoBatch" name="pelencator_launch_4_perfectflite_vs_dolconfig_sim">
    <failure message="INSUFFICIENT_DATA">dataset=pelencator_launch_4_perfectflite_vs_dolconfig_sim, airbrakesStatus=SUCCEEDED, airbrakesExitCode=0, airbrakesMessage=Native airbrakes configured in-process using ORK settings with legacy argument overrides (CFD=Drag Curve Pelicantor - Sheet1.csv), fullScore=57.054, fullSeverity=CRITICAL, fullCoverage=0.995, fullMatchedSamples=0, fullTimelineSamples=0, referenceApogeeM=1310.640, candidateApogeeM=1351.577, apogeeErrorM=40.937, apogeeErrorPercent=3.123, datasetClass=ROM_USABLE, romMode=FOUR_D, romSurfaceSource=FOUR_D_ACTIVE, candidateMaxMach=0.549, alignedApogeeTimeDeltaSec=-1.508, alignedApogeeTimeErrorSec=1.508, insufficientDataReason=no-phase-coverage, topContributors=altitude:92.588|temperature:94.454, romImprovementHints=altitude-&gt;check vertical integrator stability and acceleration-to-altitude propagation|temperature-&gt;refine temperature lapse-rate and ground-offset calibration, referenceParserDrops=0, candidateParserDrops=0</failure>
  </testcase>
</testsuite>
