<?xml version="1.0" encoding="UTF-8"?>
<testsuite name="phase-two-rom-validation" tests="12" failures="9">
  <testcase classname="PhaseTwoBatch" name="dol_serial_vs_dolconfig_sim">
  </testcase>
  <testcase classname="PhaseTwoBatch" name="government_work_launch_1_fluctus_vs_subscale_1_sim">
    <failure message="critical-full-score-54.801">dataset=government_work_launch_1_fluctus_vs_subscale_1_sim, airbrakesStatus=SUCCEEDED, airbrakesExitCode=0, airbrakesMessage=Native airbrakes configured in-process using ORK settings with legacy argument overrides (CFD=Subscale_Drag.csv); weather-cocking enabled (fixed stability/weight ratio&gt;0.35 calibers/kg, cdGain=0.3000, source=fixed default); resolved CFD CSV from dataset folder, fullScore=54.801, fullSeverity=CRITICAL, fullCoverage=0.989, fullMatchedSamples=1040, fullTimelineSamples=1052, referenceApogeeM=498.060, candidateApogeeM=512.491, apogeeErrorM=14.431, apogeeErrorPercent=2.897, datasetClass=ROM_USABLE, romMode=FOUR_D, romSurfaceSource=FOUR_D_ACTIVE, candidateMaxMach=0.321, alignedApogeeTimeDeltaSec=0.520, alignedApogeeTimeErrorSec=0.520, topContributors=accelZ:49.230|velocityZ:64.177|altitude:72.467, romImprovementHints=accelZ-&gt;retune drag-force terms (Cd, reference area, and dynamic-pressure coupling)|velocityZ-&gt;retune drag-force terms (Cd, reference area, and dynamic-pressure coupling)|altitude-&gt;check vertical integrator stability and acceleration-to-altitude propagation, referenceParserDrops=0, candidateParserDrops=0</failure>
  </testcase>
  <testcase classname="PhaseTwoBatch" name="government_work_launch_2_fluctus_vs_subscale_2_sim">
    <failure message="critical-full-score-0.000">dataset=government_work_launch_2_fluctus_vs_subscale_2_sim, airbrakesStatus=SKIPPED, airbrakesExitCode=0, airbrakesMessage=Candidate CSV comparison only, fullScore=0.000, fullSeverity=CRITICAL, fullCoverage=1.000, fullMatchedSamples=201, fullTimelineSamples=201, referenceApogeeM=734.030, candidateApogeeM=724.135, apogeeErrorM=9.895, apogeeErrorPercent=1.348, datasetClass=CROSS_SENSOR, romMode=, romSurfaceSource=, candidateMaxMach=NA, alignedApogeeTimeDeltaSec=-62.455, alignedApogeeTimeErrorSec=62.455, insufficientDataReason=AB_IMU_INTERLEAVED source truncated at burnout; coast and descent phases unavailable - use AB_EXTENDED schema or substitute with EasyMini/Fluctus as reference for coast/descent analysis, topContributors=accelZ:0.000, romImprovementHints=accelZ-&gt;retune drag-force terms (Cd, reference area, and dynamic-pressure coupling), referenceParserDrops=0, candidateParserDrops=0</failure>
  </testcase>
  <testcase classname="PhaseTwoBatch" name="jackpot_launch_1_easymini_vs_vdf_sim">
    <failure message="critical-full-score-61.240">dataset=jackpot_launch_1_easymini_vs_vdf_sim, airbrakesStatus=SKIPPED, airbrakesExitCode=0, airbrakesMessage=Candidate CSV comparison only, fullScore=61.240, fullSeverity=CRITICAL, fullCoverage=1.000, fullMatchedSamples=1209, fullTimelineSamples=1209, referenceApogeeM=784.940, candidateApogeeM=762.290, apogeeErrorM=22.650, apogeeErrorPercent=2.886, datasetClass=CROSS_SENSOR, romMode=, romSurfaceSource=, candidateMaxMach=NA, alignedApogeeTimeDeltaSec=-1.209, alignedApogeeTimeErrorSec=1.209, topContributors=accelZ:0.000|velocityZ:66.582|altitude:89.076, romImprovementHints=accelZ-&gt;retune drag-force terms (Cd, reference area, and dynamic-pressure coupling)|velocityZ-&gt;retune drag-force terms (Cd, reference area, and dynamic-pressure coupling)|altitude-&gt;check vertical integrator stability and acceleration-to-altitude propagation, referenceParserDrops=0, candidateParserDrops=0</failure>
  </testcase>
  <testcase classname="PhaseTwoBatch" name="jackpot_launch_1_fluctus_vs_openrocket">
    <failure message="critical-full-score-61.240">dataset=jackpot_launch_1_fluctus_vs_openrocket, airbrakesStatus=SUCCEEDED, airbrakesExitCode=0, airbrakesMessage=Native airbrakes configured in-process using ORK settings with legacy argument overrides (CFD=Drag Curve CDR.csv); weather-cocking enabled (fixed stability/weight ratio&gt;0.35 calibers/kg, cdGain=0.3000, source=fixed default), fullScore=61.240, fullSeverity=CRITICAL, fullCoverage=1.000, fullMatchedSamples=1209, fullTimelineSamples=1209, referenceApogeeM=784.940, candidateApogeeM=762.290, apogeeErrorM=22.650, apogeeErrorPercent=2.886, datasetClass=CROSS_SENSOR, romMode=FOUR_D, romSurfaceSource=FOUR_D_ACTIVE, candidateMaxMach=0.550, alignedApogeeTimeDeltaSec=-1.209, alignedApogeeTimeErrorSec=1.209, topContributors=accelZ:0.000|velocityZ:66.582|altitude:89.076, romImprovementHints=accelZ-&gt;retune drag-force terms (Cd, reference area, and dynamic-pressure coupling)|velocityZ-&gt;retune drag-force terms (Cd, reference area, and dynamic-pressure coupling)|altitude-&gt;check vertical integrator stability and acceleration-to-altitude propagation|candidate-source-&gt;inspect residual channel behavior and sensor alignment, referenceParserDrops=0, candidateParserDrops=0</failure>
  </testcase>
  <testcase classname="PhaseTwoBatch" name="jackpot_launch_2_easymini_vs_pdf_sim">
    <failure message="critical-full-score-53.970">dataset=jackpot_launch_2_easymini_vs_pdf_sim, airbrakesStatus=SKIPPED, airbrakesExitCode=0, airbrakesMessage=Candidate CSV comparison only, fullScore=53.970, fullSeverity=CRITICAL, fullCoverage=1.000, fullMatchedSamples=2609, fullTimelineSamples=2609, referenceApogeeM=1151.070, candidateApogeeM=1154.190, apogeeErrorM=3.120, apogeeErrorPercent=0.271, datasetClass=CROSS_SENSOR, romMode=, romSurfaceSource=, candidateMaxMach=NA, alignedApogeeTimeDeltaSec=-0.394, alignedApogeeTimeErrorSec=0.394, topContributors=velocityZ:0.000|accelZ:0.000|temperature:93.530, romImprovementHints=velocityZ-&gt;retune drag-force terms (Cd, reference area, and dynamic-pressure coupling)|accelZ-&gt;retune drag-force terms (Cd, reference area, and dynamic-pressure coupling)|temperature-&gt;refine temperature lapse-rate and ground-offset calibration, referenceParserDrops=0, candidateParserDrops=0</failure>
  </testcase>
  <testcase classname="PhaseTwoBatch" name="jackpot_launch_2_fluctus_vs_openrocket">
    <failure message="critical-full-score-53.970">dataset=jackpot_launch_2_fluctus_vs_openrocket, airbrakesStatus=SUCCEEDED, airbrakesExitCode=0, airbrakesMessage=Native airbrakes configured in-process using ORK settings with legacy argument overrides (CFD=Drag Curve CDR.csv); weather-cocking enabled (fixed stability/weight ratio&gt;0.35 calibers/kg, cdGain=0.3000, source=fixed default), fullScore=53.970, fullSeverity=CRITICAL, fullCoverage=1.000, fullMatchedSamples=2609, fullTimelineSamples=2609, referenceApogeeM=1151.070, candidateApogeeM=1154.190, apogeeErrorM=3.120, apogeeErrorPercent=0.271, datasetClass=CROSS_SENSOR, romMode=FOUR_D, romSurfaceSource=FOUR_D_ACTIVE, candidateMaxMach=0.552, alignedApogeeTimeDeltaSec=-0.394, alignedApogeeTimeErrorSec=0.394, topContributors=velocityZ:0.000|accelZ:0.000|temperature:93.530, romImprovementHints=velocityZ-&gt;retune drag-force terms (Cd, reference area, and dynamic-pressure coupling)|accelZ-&gt;retune drag-force terms (Cd, reference area, and dynamic-pressure coupling)|temperature-&gt;refine temperature lapse-rate and ground-offset calibration|candidate-source-&gt;inspect residual channel behavior and sensor alignment, referenceParserDrops=0, candidateParserDrops=0</failure>
  </testcase>
  <testcase classname="PhaseTwoBatch" name="jackpot_launch_3_fluctus_vs_openrocket">
    <failure message="critical-full-score-20.443">dataset=jackpot_launch_3_fluctus_vs_openrocket, airbrakesStatus=SUCCEEDED, airbrakesExitCode=0, airbrakesMessage=Native airbrakes configured in-process using ORK settings with legacy argument overrides (CFD=Drag Curve CDR.csv); weather-cocking enabled (fixed stability/weight ratio&gt;0.35 calibers/kg, cdGain=0.3000, source=fixed default), fullScore=20.443, fullSeverity=CRITICAL, fullCoverage=1.000, fullMatchedSamples=1364, fullTimelineSamples=1364, referenceApogeeM=1135.000, candidateApogeeM=1138.989, apogeeErrorM=3.989, apogeeErrorPercent=0.351, datasetClass=ROM_USABLE, romMode=FOUR_D, romSurfaceSource=FOUR_D_ACTIVE, candidateMaxMach=0.525, alignedApogeeTimeDeltaSec=-5.907, alignedApogeeTimeErrorSec=5.907, topContributors=velocityZ:0.000|altitude:0.000|accelZ:76.573, romImprovementHints=velocityZ-&gt;retune drag-force terms (Cd, reference area, and dynamic-pressure coupling)|altitude-&gt;check vertical integrator stability and acceleration-to-altitude propagation|accelZ-&gt;retune drag-force terms (Cd, reference area, and dynamic-pressure coupling), referenceParserDrops=0, candidateParserDrops=0</failure>
  </testcase>
  <testcase classname="PhaseTwoBatch" name="pelencator_launch_1_stratologger_vs_vdf_sim">
  </testcase>
  <testcase classname="PhaseTwoBatch" name="pelencator_launch_2_easymini_vs_vdf_sim">
    <failure message="INSUFFICIENT_DATA">dataset=pelencator_launch_2_easymini_vs_vdf_sim, airbrakesStatus=SKIPPED, airbrakesExitCode=0, airbrakesMessage=Native airbrakes disabled for dataset, fullScore=40.334, fullSeverity=CRITICAL, fullCoverage=1.000, fullMatchedSamples=0, fullTimelineSamples=0, referenceApogeeM=1105.814, candidateApogeeM=1330.727, apogeeErrorM=224.913, apogeeErrorPercent=20.339, datasetClass=ROM_USABLE, romMode=THREE_D, romSurfaceSource=NONE, candidateMaxMach=0.513, alignedApogeeTimeDeltaSec=-1.167, alignedApogeeTimeErrorSec=1.167, insufficientDataReason=no-phase-coverage, topContributors=altitude:69.998|temperature:95.344, romImprovementHints=altitude-&gt;check vertical integrator stability and acceleration-to-altitude propagation|temperature-&gt;refine temperature lapse-rate and ground-offset calibration|apogee-&gt;check vertical integrator stability and acceleration-to-altitude propagation, referenceParserDrops=0, candidateParserDrops=0</failure>
  </testcase>
  <testcase classname="PhaseTwoBatch" name="pelencator_launch_4_perfectflite_vs_dolconfig_sim">
  </testcase>
  <testcase classname="PhaseTwoBatch" name="pelencator_launch_hunts_perfectflite_vs_dolconfig_sim">
    <failure message="INSUFFICIENT_DATA">dataset=pelencator_launch_hunts_perfectflite_vs_dolconfig_sim, airbrakesStatus=SUCCEEDED, airbrakesExitCode=0, airbrakesMessage=Native airbrakes configured in-process using ORK settings with legacy argument overrides (CFD=Drag Curve Pelicantor - Sheet1.csv); weather-cocking enabled (fixed stability/weight ratio&gt;0.35 calibers/kg, cdGain=-0.0500, source=dataset override), fullScore=56.282, fullSeverity=CRITICAL, fullCoverage=0.993, fullMatchedSamples=0, fullTimelineSamples=0, referenceApogeeM=1341.120, candidateApogeeM=1328.232, apogeeErrorM=12.888, apogeeErrorPercent=0.961, datasetClass=ROM_USABLE, romMode=FOUR_D, romSurfaceSource=FOUR_D_ACTIVE, candidateMaxMach=0.550, alignedApogeeTimeDeltaSec=-1.489, alignedApogeeTimeErrorSec=1.489, insufficientDataReason=no-phase-coverage, topContributors=altitude:91.526|temperature:94.549, romImprovementHints=altitude-&gt;check vertical integrator stability and acceleration-to-altitude propagation|temperature-&gt;refine temperature lapse-rate and ground-offset calibration, referenceParserDrops=0, candidateParserDrops=0</failure>
  </testcase>
</testsuite>
